<?xml version="1.0" encoding="UTF-8"?>
<!-- Generated by org.testng.reporters.JUnitReportReporter -->
<testsuite skipped="0" hostname="Mamun" name="integrateDataProWExcel.CreateLead" tests="3" failures="0" timestamp="2022-11-04T23:30:27 EDT" time="100.839" errors="0">
  <testcase name="createLead" time="39.589" classname="integrateDataProWExcel.CreateLead"/>
  <testcase name="createLead" time="23.117" classname="integrateDataProWExcel.CreateLead"/>
  <testcase name="createLead" time="38.133" classname="integrateDataProWExcel.CreateLead"/>
</testsuite> <!-- integrateDataProWExcel.CreateLead -->
