<?xml version="1.0" encoding="UTF-8"?>
<!-- Generated by org.testng.reporters.JUnitReportReporter -->
<testsuite skipped="0" hostname="Mamun" name="sequentialParallelTestNG.CreateLead" tests="1" failures="0" timestamp="2022-11-28T21:44:10 EST" time="40.868" errors="0">
  <testcase name="createLead" time="40.868" classname="sequentialParallelTestNG.CreateLead"/>
</testsuite> <!-- sequentialParallelTestNG.CreateLead -->
