<?xml version="1.0" encoding="UTF-8"?>
<!-- Generated by org.testng.reporters.JUnitReportReporter -->
<testsuite skipped="0" hostname="Mamun" name="inheritanceTestNG.EditLead" tests="1" failures="0" timestamp="2022-10-19T21:11:48 EDT" time="15.465" errors="0">
  <testcase name="editLead" time="15.465" classname="inheritanceTestNG.EditLead"/>
</testsuite> <!-- inheritanceTestNG.EditLead -->
