<?xml version="1.0" encoding="UTF-8"?>
<!-- Generated by org.testng.reporters.JUnitReportReporter -->
<testsuite skipped="0" hostname="Mamun" name="sequentialParallelTestNG.EditLead" tests="1" failures="0" timestamp="2022-10-19T20:59:02 EDT" time="20.601" errors="0">
  <testcase name="editLead" time="20.601" classname="sequentialParallelTestNG.EditLead"/>
</testsuite> <!-- sequentialParallelTestNG.EditLead -->
