<?xml version="1.0" encoding="UTF-8"?>
<!-- Generated by org.testng.reporters.JUnitReportReporter -->
<testsuite skipped="0" hostname="Mamun" name="sequentialParallelTestNG.DeleteLead" tests="1" failures="0" timestamp="2022-11-28T21:44:10 EST" time="15.651" errors="0">
  <testcase name="deleteLead" time="15.651" classname="sequentialParallelTestNG.DeleteLead"/>
</testsuite> <!-- sequentialParallelTestNG.DeleteLead -->
