<?xml version="1.0" encoding="UTF-8"?>
<!-- Generated by org.testng.reporters.JUnitReportReporter -->
<testsuite skipped="0" hostname="Mamun" name="sequentialParallelTestNG.CreateLead" tests="1" failures="0" timestamp="2022-10-19T20:59:02 EDT" time="27.101" errors="0">
  <testcase name="createLead" time="27.101" classname="sequentialParallelTestNG.CreateLead"/>
</testsuite> <!-- sequentialParallelTestNG.CreateLead -->
