<?xml version="1.0" encoding="UTF-8"?>
<!-- Generated by org.testng.reporters.JUnitReportReporter -->
<testsuite skipped="0" hostname="Mamun" name="inheritanceTestNG.DeleteLead" tests="1" failures="0" timestamp="2022-10-19T21:11:23 EDT" time="17.346" errors="0">
  <testcase name="deleteLead" time="17.346" classname="inheritanceTestNG.DeleteLead"/>
</testsuite> <!-- inheritanceTestNG.DeleteLead -->
