<?xml version="1.0" encoding="UTF-8"?>
<!-- Generated by org.testng.reporters.JUnitReportReporter -->
<testsuite skipped="0" hostname="Mamun" name="learnTestNGParameters.Parameters_CreateLeads" tests="1" failures="0" timestamp="2022-11-02T21:25:08 EDT" time="41.950" errors="0">
  <testcase name="createLead" time="41.950" classname="learnTestNGParameters.Parameters_CreateLeads"/>
</testsuite> <!-- learnTestNGParameters.Parameters_CreateLeads -->
