<?xml version="1.0" encoding="UTF-8"?>
<!-- Generated by org.testng.reporters.JUnitReportReporter -->
<testsuite skipped="0" hostname="Mamun" name="sequentialParallelTestNG.EditLead" tests="1" failures="0" timestamp="2022-11-28T21:44:10 EST" time="19.343" errors="0">
  <testcase name="editLead" time="19.343" classname="sequentialParallelTestNG.EditLead"/>
</testsuite> <!-- sequentialParallelTestNG.EditLead -->
