<?xml version="1.0" encoding="UTF-8"?>
<!-- Generated by org.testng.reporters.JUnitReportReporter -->
<testsuite skipped="0" hostname="Mamun" name="learnTestNGDataProvider.CreateLead" tests="3" failures="0" timestamp="2022-11-04T21:23:48 EDT" time="116.475" errors="0">
  <testcase name="createLead" time="39.746" classname="learnTestNGDataProvider.CreateLead"/>
  <testcase name="createLead" time="39.992" classname="learnTestNGDataProvider.CreateLead"/>
  <testcase name="createLead" time="36.737" classname="learnTestNGDataProvider.CreateLead"/>
</testsuite> <!-- learnTestNGDataProvider.CreateLead -->
