<?xml version="1.0" encoding="UTF-8"?>
<!-- Generated by org.testng.reporters.JUnitReportReporter -->
<testsuite skipped="0" hostname="Mamun" name="testNG.TestNgBrowser" tests="4" failures="0" timestamp="2022-10-18T21:46:32 EDT" time="123.275" errors="0">
  <testcase name="mergeLead" time="32.738" classname="testNG.TestNgBrowser"/>
  <testcase name="createLead" time="44.487" classname="testNG.TestNgBrowser"/>
  <testcase name="editLead" time="22.390" classname="testNG.TestNgBrowser"/>
  <testcase name="deleteLead" time="23.660" classname="testNG.TestNgBrowser"/>
</testsuite> <!-- testNG.TestNgBrowser -->
