<?xml version="1.0" encoding="UTF-8"?>
<!-- Generated by org.testng.reporters.JUnitReportReporter -->
<testsuite skipped="0" hostname="Mamun" name="testNG.NormalToTestNG" tests="1" failures="0" timestamp="2022-10-18T22:01:19 EDT" time="39.446" errors="0">
  <testcase name="normalToTestNG" time="39.446" classname="testNG.NormalToTestNG"/>
</testsuite> <!-- testNG.NormalToTestNG -->
