<?xml version="1.0" encoding="UTF-8"?>
<!-- Generated by org.testng.reporters.JUnitReportReporter -->
<testsuite skipped="0" hostname="Mamun" name="inheritanceTestNG.CreateLead" tests="1" failures="0" timestamp="2022-10-19T21:10:12 EDT" time="38.984" errors="0">
  <testcase name="createLead" time="38.984" classname="inheritanceTestNG.CreateLead"/>
</testsuite> <!-- inheritanceTestNG.CreateLead -->
