<?xml version="1.0" encoding="UTF-8"?>
<!-- Generated by org.testng.reporters.JUnitReportReporter -->
<testsuite skipped="0" hostname="Mamun" name="seleniumDemo.DropDown" tests="1" failures="0" timestamp="2022-10-16T14:08:45 EDT" time="37.995" errors="0">
  <testcase name="dropDown" time="37.995" classname="seleniumDemo.DropDown"/>
</testsuite> <!-- seleniumDemo.DropDown -->
