<?xml version="1.0" encoding="UTF-8"?>
<!-- Generated by org.testng.reporters.JUnitReportReporter -->
<testsuite skipped="0" hostname="Mamun" name="startingPointOfFramework.TC001_CreatLead" tests="1" failures="0" timestamp="2022-11-17T23:27:47 EST" time="61.137" errors="0">
  <testcase name="creatLead" time="61.137" classname="startingPointOfFramework.TC001_CreatLead"/>
</testsuite> <!-- startingPointOfFramework.TC001_CreatLead -->
